<?xml version="1.0" encoding="UTF-8"?>
<!-- Generated by org.testng.reporters.JUnitReportReporter -->
<testsuite hostname="LAPTOP-9VO5UI1Q" failures="0" tests="3" name="Auto1.HandlingWebTables" time="4.415" errors="0" timestamp="2025-02-06T19:30:13 IST" skipped="0">
  <testcase classname="Auto1.HandlingWebTables" name="handleStaticWebTable" time="0.833"/>
  <system-out/>
  <testcase classname="Auto1.HandlingWebTables" name="totalPriceofBooks" time="0.156"/>
  <system-out/>
  <testcase classname="Auto1.HandlingWebTables" name="authorAndPrice" time="3.426"/>
  <system-out/>
</testsuite> <!-- Auto1.HandlingWebTables -->
