<?xml version="1.0" encoding="UTF-8"?>
<!-- Generated by org.testng.reporters.JUnitReportReporter -->
<testsuite hostname="LAPTOP-9VO5UI1Q" failures="0" tests="14" name="Auto1.HandlingGUIElements" time="1.965" errors="0" timestamp="2025-01-03T19:42:56 IST" skipped="0">
  <testcase classname="Auto1.HandlingGUIElements" name="inputNameHandling" time="0.194"/>
  <system-out/>
  <testcase classname="Auto1.HandlingGUIElements" name="inputEmailHandling" time="0.163"/>
  <system-out/>
  <testcase classname="Auto1.HandlingGUIElements" name="inputPhoneHandling" time="0.118"/>
  <system-out/>
  <testcase classname="Auto1.HandlingGUIElements" name="inputTextHandling" time="0.150"/>
  <system-out/>
  <testcase classname="Auto1.HandlingGUIElements" name="checkBoxMale" time="0.082"/>
  <system-out/>
  <testcase classname="Auto1.HandlingGUIElements" name="days" time="0.168"/>
  <system-out/>
  <testcase classname="Auto1.HandlingGUIElements" name="boxSelected" time="0.184"/>
  <system-out/>
  <testcase classname="Auto1.HandlingGUIElements" name="countrySelected" time="0.088"/>
  <system-out/>
  <testcase classname="Auto1.HandlingGUIElements" name="colorSelected" time="0.146"/>
  <system-out/>
  <testcase classname="Auto1.HandlingGUIElements" name="sortedList" time="0.063"/>
  <system-out/>
  <testcase classname="Auto1.HandlingGUIElements" name="datePicker" time="0.175"/>
  <system-out/>
  <testcase classname="Auto1.HandlingGUIElements" name="datePicker2" time="0.143"/>
  <system-out/>
  <testcase classname="Auto1.HandlingGUIElements" name="datePicker3" time="0.067"/>
  <system-out/>
  <testcase classname="Auto1.HandlingGUIElements" name="subscribeToLink" time="0.224"/>
  <system-out/>
</testsuite> <!-- Auto1.HandlingGUIElements -->
