<?xml version="1.0" encoding="UTF-8"?>
<!-- Generated by org.testng.reporters.JUnitReportReporter -->
<testsuite hostname="LAPTOP-9VO5UI1Q" failures="0" tests="4" name="Auto1.HandlingTabsandDynamicButton" time="7.285" errors="0" timestamp="2025-01-13T14:02:13 IST" skipped="0">
  <testcase classname="Auto1.HandlingTabsandDynamicButton" name="handleTab" time="0.507"/>
  <system-out/>
  <testcase classname="Auto1.HandlingTabsandDynamicButton" name="accessToSearchResults" time="4.623"/>
  <system-out/>
  <testcase classname="Auto1.HandlingTabsandDynamicButton" name="handlingMore" time="1.590"/>
  <system-out/>
  <testcase classname="Auto1.HandlingTabsandDynamicButton" name="handleDynamicBtn" time="0.565"/>
  <system-out/>
</testsuite> <!-- Auto1.HandlingTabsandDynamicButton -->
