<?xml version="1.0" encoding="UTF-8"?>
<!-- Generated by org.testng.reporters.JUnitReportReporter -->
<testsuite hostname="LAPTOP-9VO5UI1Q" failures="0" tests="3" name="Auto1.HandlingDynamicWebTables" time="8.071" errors="0" timestamp="2025-01-11T15:51:32 IST" skipped="0">
  <testcase classname="Auto1.HandlingDynamicWebTables" name="getTitle" time="0.034"/>
  <system-out/>
  <testcase classname="Auto1.HandlingDynamicWebTables" name="getTableData" time="7.950"/>
  <system-out/>
  <testcase classname="Auto1.HandlingDynamicWebTables" name="getDetailsOfDisplayValues" time="0.087"/>
  <system-out/>
</testsuite> <!-- Auto1.HandlingDynamicWebTables -->
