<?xml version="1.0" encoding="UTF-8"?>
<!-- Generated by org.testng.reporters.JUnitReportReporter -->
<testsuite hostname="LAPTOP-9VO5UI1Q" failures="0" tests="3" name="Auto1.HandlingUploadFiles" time="1.283" errors="0" timestamp="2025-01-08T16:24:40 IST" skipped="0">
  <testcase classname="Auto1.HandlingUploadFiles" name="getTitleOfFiles" time="0.055"/>
  <system-out/>
  <testcase classname="Auto1.HandlingUploadFiles" name="inputHandles" time="0.196"/>
  <system-out/>
  <testcase classname="Auto1.HandlingUploadFiles" name="buttonsHandles" time="1.032"/>
  <system-out/>
</testsuite> <!-- Auto1.HandlingUploadFiles -->
