<?xml version="1.0" encoding="UTF-8"?>
<!-- Generated by org.testng.reporters.JUnitReportReporter -->
<testsuite hostname="LAPTOP-9VO5UI1Q" failures="0" tests="14" name="Auto1.HandlingGUIElements" time="4.946" errors="0" timestamp="2025-01-08T14:09:29 IST" skipped="0">
  <testcase classname="Auto1.HandlingGUIElements" name="inputNameHandling" time="0.566"/>
  <system-out/>
  <testcase classname="Auto1.HandlingGUIElements" name="inputEmailHandling" time="0.329"/>
  <system-out/>
  <testcase classname="Auto1.HandlingGUIElements" name="inputPhoneHandling" time="0.318"/>
  <system-out/>
  <testcase classname="Auto1.HandlingGUIElements" name="inputTextHandling" time="0.350"/>
  <system-out/>
  <testcase classname="Auto1.HandlingGUIElements" name="checkBoxMale" time="0.301"/>
  <system-out/>
  <testcase classname="Auto1.HandlingGUIElements" name="days" time="0.141"/>
  <system-out/>
  <testcase classname="Auto1.HandlingGUIElements" name="boxSelected" time="0.754"/>
  <system-out/>
  <testcase classname="Auto1.HandlingGUIElements" name="countrySelected" time="0.435"/>
  <system-out/>
  <testcase classname="Auto1.HandlingGUIElements" name="colorSelected" time="0.252"/>
  <system-out/>
  <testcase classname="Auto1.HandlingGUIElements" name="sortedList" time="0.235"/>
  <system-out/>
  <testcase classname="Auto1.HandlingGUIElements" name="datePicker" time="0.332"/>
  <system-out/>
  <testcase classname="Auto1.HandlingGUIElements" name="datePicker2" time="0.366"/>
  <system-out/>
  <testcase classname="Auto1.HandlingGUIElements" name="datePicker3" time="0.354"/>
  <system-out/>
  <testcase classname="Auto1.HandlingGUIElements" name="subscribeToLink" time="0.213"/>
  <system-out/>
</testsuite> <!-- Auto1.HandlingGUIElements -->
