<?xml version="1.0" encoding="UTF-8"?>
<!-- Generated by org.testng.reporters.JUnitReportReporter -->
<testsuite hostname="LAPTOP-9VO5UI1Q" failures="0" tests="3" name="Auto1.HandlingAlerts" time="10.771" errors="0" timestamp="2025-01-15T23:08:40 IST" skipped="0">
  <testcase classname="Auto1.HandlingAlerts" name="simpleAlert" time="2.150"/>
  <system-out/>
  <testcase classname="Auto1.HandlingAlerts" name="conformationAlert" time="4.358"/>
  <system-out/>
  <testcase classname="Auto1.HandlingAlerts" name="promptAlert" time="4.263"/>
  <system-out/>
</testsuite> <!-- Auto1.HandlingAlerts -->
