<?xml version="1.0" encoding="UTF-8"?>
<!-- Generated by org.testng.reporters.JUnitReportReporter -->
<testsuite hostname="LAPTOP-9VO5UI1Q" failures="0" tests="4" name="Auto1.HandlingTabsandDynamicButton" time="13.391" errors="0" timestamp="2025-02-18T10:22:33 IST" skipped="0">
  <testcase classname="Auto1.HandlingTabsandDynamicButton" name="handleTab" time="0.594"/>
  <system-out/>
  <testcase classname="Auto1.HandlingTabsandDynamicButton" name="accessToSearchResults" time="9.656"/>
  <system-out/>
  <testcase classname="Auto1.HandlingTabsandDynamicButton" name="handlingMore" time="2.546"/>
  <system-out/>
  <testcase classname="Auto1.HandlingTabsandDynamicButton" name="handleDynamicBtn" time="0.595"/>
  <system-out/>
</testsuite> <!-- Auto1.HandlingTabsandDynamicButton -->
