<?xml version="1.0" encoding="UTF-8"?>
<!-- Generated by org.testng.reporters.JUnitReportReporter -->
<testsuite hostname="LAPTOP-9VO5UI1Q" failures="0" tests="4" name="Auto1.HandlingUploadFiles" time="1.555" errors="0" timestamp="2025-02-04T17:58:35 IST" skipped="0">
  <testcase classname="Auto1.HandlingUploadFiles" name="getTitleOfFiles" time="0.071"/>
  <system-out/>
  <testcase classname="Auto1.HandlingUploadFiles" name="handleButtonWithoutUploadFile" time="0.380"/>
  <system-out/>
  <testcase classname="Auto1.HandlingUploadFiles" name="inputHandles" time="0.250"/>
  <system-out/>
  <testcase classname="Auto1.HandlingUploadFiles" name="buttonsHandles" time="0.854"/>
  <system-out/>
</testsuite> <!-- Auto1.HandlingUploadFiles -->
