<?xml version="1.0" encoding="UTF-8"?>
<!-- Generated by org.testng.reporters.JUnitReportReporter -->
<testsuite hostname="LAPTOP-9VO5UI1Q" failures="0" tests="14" name="Auto1.HandlingGUIElements" time="5.207" errors="0" timestamp="2025-04-11T16:20:23 IST" skipped="0">
  <testcase classname="Auto1.HandlingGUIElements" name="inputNameHandling" time="0.742"/>
  <system-out/>
  <testcase classname="Auto1.HandlingGUIElements" name="inputEmailHandling" time="0.328"/>
  <system-out/>
  <testcase classname="Auto1.HandlingGUIElements" name="inputPhoneHandling" time="0.350"/>
  <system-out/>
  <testcase classname="Auto1.HandlingGUIElements" name="inputTextHandling" time="0.401"/>
  <system-out/>
  <testcase classname="Auto1.HandlingGUIElements" name="checkBoxMale" time="0.261"/>
  <system-out/>
  <testcase classname="Auto1.HandlingGUIElements" name="days" time="0.137"/>
  <system-out/>
  <testcase classname="Auto1.HandlingGUIElements" name="boxSelected" time="0.604"/>
  <system-out/>
  <testcase classname="Auto1.HandlingGUIElements" name="countrySelected" time="0.232"/>
  <system-out/>
  <testcase classname="Auto1.HandlingGUIElements" name="colorSelected" time="0.378"/>
  <system-out/>
  <testcase classname="Auto1.HandlingGUIElements" name="sortedList" time="0.282"/>
  <system-out/>
  <testcase classname="Auto1.HandlingGUIElements" name="datePicker" time="0.395"/>
  <system-out/>
  <testcase classname="Auto1.HandlingGUIElements" name="datePicker2" time="0.523"/>
  <system-out/>
  <testcase classname="Auto1.HandlingGUIElements" name="datePicker3" time="0.364"/>
  <system-out/>
  <testcase classname="Auto1.HandlingGUIElements" name="subscribeToLink" time="0.210"/>
  <system-out/>
</testsuite> <!-- Auto1.HandlingGUIElements -->
