<?xml version="1.0" encoding="UTF-8"?>
<!-- Generated by org.testng.reporters.JUnitReportReporter -->
<testsuite hostname="LAPTOP-9VO5UI1Q" failures="0" tests="2" name="Auto1.HandlingWebTables" time="1.309" errors="0" timestamp="2025-01-08T16:25:11 IST" skipped="0">
  <testcase classname="Auto1.HandlingWebTables" name="handleStaticWebTable" time="1.060"/>
  <system-out/>
  <testcase classname="Auto1.HandlingWebTables" name="totalPriceofBooks" time="0.249"/>
  <system-out/>
</testsuite> <!-- Auto1.HandlingWebTables -->
