<?xml version="1.0" encoding="UTF-8"?>
<!-- Generated by org.testng.reporters.JUnitReportReporter -->
<testsuite hostname="LAPTOP-9VO5UI1Q" failures="0" tests="2" name="Auto1.HandlingNewTabandPopup" time="3.964" errors="0" timestamp="2025-01-15T23:09:06 IST" skipped="0">
  <testcase classname="Auto1.HandlingNewTabandPopup" name="handleNewTab" time="1.553"/>
  <system-out/>
  <testcase classname="Auto1.HandlingNewTabandPopup" name="popUp" time="2.411"/>
  <system-out/>
</testsuite> <!-- Auto1.HandlingNewTabandPopup -->
