<?xml version="1.0" encoding="UTF-8"?>
<!-- Generated by org.testng.reporters.JUnitReportReporter -->
<testsuite hostname="LAPTOP-9VO5UI1Q" failures="0" tests="7" name="Auto1.HandlingSmallActionElements" time="24.418" errors="0" timestamp="2025-01-29T12:51:33 IST" skipped="0">
  <testcase classname="Auto1.HandlingSmallActionElements" name="handleMouserHover" time="8.128"/>
  <system-out/>
  <testcase classname="Auto1.HandlingSmallActionElements" name="handleDC" time="2.269"/>
  <system-out/>
  <testcase classname="Auto1.HandlingSmallActionElements" name="handleDoubleClick" time="2.170"/>
  <system-out/>
  <testcase classname="Auto1.HandlingSmallActionElements" name="dragAndDrop" time="3.465"/>
  <system-out/>
  <testcase classname="Auto1.HandlingSmallActionElements" name="handleSliders" time="5.761"/>
  <system-out/>
  <testcase classname="Auto1.HandlingSmallActionElements" name="handleSVG" time="0.203"/>
  <system-out/>
  <testcase classname="Auto1.HandlingSmallActionElements" name="handleScrollingElement" time="2.422"/>
  <system-out/>
</testsuite> <!-- Auto1.HandlingSmallActionElements -->
