<?xml version="1.0" encoding="UTF-8"?>
<!-- Generated by org.testng.reporters.JUnitReportReporter -->
<testsuite hostname="LAPTOP-9VO5UI1Q" failures="0" tests="3" name="PraticePOM.FirsrPom" time="5.844" errors="0" timestamp="2025-02-03T11:51:39 IST" skipped="0">
  <testcase classname="PraticePOM.FirsrPom" name="tearDown" time="0.212"/>
  <system-out/>
  <testcase classname="PraticePOM.FirsrPom" name="setUp" time="4.682"/>
  <system-out/>
  <testcase classname="PraticePOM.FirsrPom" name="lp" time="0.950"/>
  <system-out/>
</testsuite> <!-- PraticePOM.FirsrPom -->
