<?xml version="1.0" encoding="UTF-8"?>
<!-- Generated by org.testng.reporters.JUnitReportReporter -->
<testsuite hostname="LAPTOP-9VO5UI1Q" failures="0" tests="2" name="Auto1.HandlingDynamicWebTables" time="3.782" errors="0" timestamp="2025-01-08T21:03:07 IST" skipped="0">
  <testcase classname="Auto1.HandlingDynamicWebTables" name="getTitle" time="0.035"/>
  <system-out/>
  <testcase classname="Auto1.HandlingDynamicWebTables" name="getTableData" time="3.747"/>
  <system-out/>
</testsuite> <!-- Auto1.HandlingDynamicWebTables -->
