<?xml version="1.0" encoding="UTF-8"?>
<!-- Generated by org.testng.reporters.JUnitReportReporter -->
<testsuite hostname="LAPTOP-9VO5UI1Q" failures="0" tests="1" name="Auto1.HandleFormSection2" time="0.377" errors="0" timestamp="2025-01-29T10:54:36 IST" skipped="0">
  <testcase classname="Auto1.HandleFormSection2" name="getDymanicData" time="0.377"/>
  <system-out/>
</testsuite> <!-- Auto1.HandleFormSection2 -->
