<?xml version="1.0" encoding="UTF-8"?>
<!-- Generated by org.testng.reporters.JUnitReportReporter -->
<testsuite hostname="LAPTOP-9VO5UI1Q" failures="0" tests="3" name="Auto1.HandlingAlerts" time="11.836" errors="0" timestamp="2025-02-04T17:43:55 IST" skipped="0">
  <testcase classname="Auto1.HandlingAlerts" name="simpleAlert" time="2.388"/>
  <system-out/>
  <testcase classname="Auto1.HandlingAlerts" name="conformationAlert" time="4.839"/>
  <system-out/>
  <testcase classname="Auto1.HandlingAlerts" name="promptAlert" time="4.609"/>
  <system-out/>
</testsuite> <!-- Auto1.HandlingAlerts -->
