<?xml version="1.0" encoding="UTF-8"?>
<!-- Generated by org.testng.reporters.JUnitReportReporter -->
<testsuite hostname="LAPTOP-9VO5UI1Q" failures="0" tests="4" name="Auto1.HandlingTabsandDynamicButton" time="12.302" errors="0" timestamp="2025-02-17T21:23:50 IST" skipped="0">
  <testcase classname="Auto1.HandlingTabsandDynamicButton" name="handleTab" time="0.816"/>
  <system-out/>
  <testcase classname="Auto1.HandlingTabsandDynamicButton" name="accessToSearchResults" time="8.054"/>
  <system-out/>
  <testcase classname="Auto1.HandlingTabsandDynamicButton" name="handlingMore" time="2.253"/>
  <system-out/>
  <testcase classname="Auto1.HandlingTabsandDynamicButton" name="handleDynamicBtn" time="1.179"/>
  <system-out/>
</testsuite> <!-- Auto1.HandlingTabsandDynamicButton -->
