<?xml version="1.0" encoding="UTF-8"?>
<!-- Generated by org.testng.reporters.JUnitReportReporter -->
<testsuite hostname="LAPTOP-9VO5UI1Q" failures="0" tests="1" name="Auto1.HandlingGUIElements" time="0.373" errors="0" timestamp="2025-01-31T20:47:25 IST" skipped="0">
  <testcase classname="Auto1.HandlingGUIElements" name="subscribeToLink" time="0.373"/>
  <system-out/>
</testsuite> <!-- Auto1.HandlingGUIElements -->
